<?xml version="1.0" encoding="UTF-8"?>
<!-- Generated by org.testng.reporters.JUnitXMLReporter -->
<testsuite ignored="0" hostname="LAPTOP-7587MS6E" failures="0" tests="3" name="SubmitOrderTest" time="56.097" errors="0" timestamp="2023-12-30T17:16:24 IST">
  <testcase classname="rahulshettyacademy.tests.SubmitOrderTest" name="submitOrder" time="13.311"/>
  <testcase classname="rahulshettyacademy.tests.SubmitOrderTest" name="submitOrder" time="10.617"/>
  <testcase classname="rahulshettyacademy.tests.SubmitOrderTest" name="orderHistory" time="1.493"/>
</testsuite> <!-- SubmitOrderTest -->
