<?xml version="1.0" encoding="UTF-8"?>
<testng-results ignored="0" total="2" passed="2" failed="0" skipped="0">
  <reporter-output>
  </reporter-output>
  <suite started-at="2024-01-06T17:05:34 IST" name="suite" finished-at="2024-01-06T17:06:31 IST" duration-ms="56464">
    <groups>
      <group name="purchaseOrder">
        <method signature="SubmitOrderTest.submitOrder(java.util.HashMap)[pri:0, instance:rahulshettyacademy.tests.SubmitOrderTest@71809907]" name="submitOrder" class="rahulshettyacademy.tests.SubmitOrderTest"/>
      </group> <!-- purchaseOrder -->
    </groups>
    <test started-at="2024-01-06T17:05:34 IST" name="ErrorValidationTest" finished-at="2024-01-06T17:05:34 IST" duration-ms="15">
    </test> <!-- ErrorValidationTest -->
    <test started-at="2024-01-06T17:05:34 IST" name="SubmitOrderTest" finished-at="2024-01-06T17:06:31 IST" duration-ms="56464">
      <class name="rahulshettyacademy.tests.SubmitOrderTest">
        <test-method is-config="true" signature="launchApplication()[pri:0, instance:rahulshettyacademy.tests.SubmitOrderTest@71809907]" started-at="2024-01-06T17:05:35 IST" name="launchApplication" finished-at="2024-01-06T17:05:58 IST" duration-ms="22882" status="PASS">
          <reporter-output>
          </reporter-output>
        </test-method> <!-- launchApplication -->
        <test-method signature="submitOrder(java.util.HashMap)[pri:0, instance:rahulshettyacademy.tests.SubmitOrderTest@71809907]" started-at="2024-01-06T17:05:58 IST" name="submitOrder" data-provider="getData" finished-at="2024-01-06T17:06:11 IST" duration-ms="13171" status="PASS">
          <params>
            <param index="0">
              <value>
                <![CDATA[{password=Abcde@123, email=idontcare@gmail.com, productName=IPHONE 13 PRO}]]>
              </value>
            </param>
          </params>
          <reporter-output>
          </reporter-output>
        </test-method> <!-- submitOrder -->
        <test-method is-config="true" signature="tearDown()[pri:0, instance:rahulshettyacademy.tests.SubmitOrderTest@71809907]" started-at="2024-01-06T17:06:11 IST" name="tearDown" finished-at="2024-01-06T17:06:11 IST" duration-ms="310" status="PASS">
          <reporter-output>
          </reporter-output>
        </test-method> <!-- tearDown -->
        <test-method is-config="true" signature="launchApplication()[pri:0, instance:rahulshettyacademy.tests.SubmitOrderTest@71809907]" started-at="2024-01-06T17:06:11 IST" name="launchApplication" finished-at="2024-01-06T17:06:20 IST" duration-ms="9036" status="PASS">
          <reporter-output>
          </reporter-output>
        </test-method> <!-- launchApplication -->
        <test-method signature="submitOrder(java.util.HashMap)[pri:0, instance:rahulshettyacademy.tests.SubmitOrderTest@71809907]" started-at="2024-01-06T17:06:20 IST" name="submitOrder" data-provider="getData" finished-at="2024-01-06T17:06:30 IST" duration-ms="10281" status="PASS">
          <params>
            <param index="0">
              <value>
                <![CDATA[{password=Abcde@123, email=mailnew@gmail.com, productName=ZARA COAT 3}]]>
              </value>
            </param>
          </params>
          <reporter-output>
          </reporter-output>
        </test-method> <!-- submitOrder -->
        <test-method is-config="true" signature="tearDown()[pri:0, instance:rahulshettyacademy.tests.SubmitOrderTest@71809907]" started-at="2024-01-06T17:06:30 IST" name="tearDown" finished-at="2024-01-06T17:06:31 IST" duration-ms="445" status="PASS">
          <reporter-output>
          </reporter-output>
        </test-method> <!-- tearDown -->
      </class> <!-- rahulshettyacademy.tests.SubmitOrderTest -->
    </test> <!-- SubmitOrderTest -->
  </suite> <!-- suite -->
</testng-results>
