<?xml version="1.0" encoding="UTF-8"?>
<testng-results ignored="0" total="2" passed="2" failed="0" skipped="0">
  <reporter-output>
  </reporter-output>
  <suite started-at="2024-01-27T20:36:21 IST" name="Default suite" finished-at="2024-01-27T20:36:49 IST" duration-ms="28008">
    <groups>
      <group name="cucumber">
        <method signature="AbstractTestNGCucumberTests.runScenario(io.cucumber.testng.PickleWrapper,io.cucumber.testng.FeatureWrapper)[pri:0, instance:cucumber.TestNGTestRunner@2f9f7dcf]" name="runScenario" class="io.cucumber.testng.AbstractTestNGCucumberTests"/>
      </group> <!-- cucumber -->
    </groups>
    <test started-at="2024-01-27T20:36:21 IST" name="Default test" finished-at="2024-01-27T20:36:49 IST" duration-ms="28008">
      <class name="cucumber.TestNGTestRunner">
        <test-method is-config="true" signature="setUpClass(org.testng.ITestContext)[pri:0, instance:cucumber.TestNGTestRunner@2f9f7dcf]" started-at="2024-01-27T20:36:21 IST" name="setUpClass" finished-at="2024-01-27T20:36:22 IST" duration-ms="734" status="PASS">
          <params>
            <param index="0">
              <value>
                <![CDATA[org.testng.TestRunner@3aaa3c39]]>
              </value>
            </param>
          </params>
          <reporter-output>
          </reporter-output>
        </test-method> <!-- setUpClass -->
        <test-method signature="runScenario(io.cucumber.testng.PickleWrapper,io.cucumber.testng.FeatureWrapper)[pri:0, instance:cucumber.TestNGTestRunner@2f9f7dcf]" started-at="2024-01-27T20:36:22 IST" name="runScenario" description="Runs Cucumber Scenarios" data-provider="scenarios" finished-at="2024-01-27T20:36:32 IST" duration-ms="10259" status="PASS">
          <params>
            <param index="0">
              <value>
                <![CDATA["Positive Test of Purchasing the Order"]]>
              </value>
            </param>
            <param index="1">
              <value>
                <![CDATA["Error Validations"]]>
              </value>
            </param>
          </params>
          <reporter-output>
          </reporter-output>
        </test-method> <!-- runScenario -->
        <test-method signature="runScenario(io.cucumber.testng.PickleWrapper,io.cucumber.testng.FeatureWrapper)[pri:0, instance:cucumber.TestNGTestRunner@2f9f7dcf]" started-at="2024-01-27T20:36:32 IST" name="runScenario" description="Runs Cucumber Scenarios" data-provider="scenarios" finished-at="2024-01-27T20:36:49 IST" duration-ms="16936" status="PASS">
          <params>
            <param index="0">
              <value>
                <![CDATA["Positive Test of Purchasing the Order"]]>
              </value>
            </param>
            <param index="1">
              <value>
                <![CDATA["Purchase the order from eCommerce website"]]>
              </value>
            </param>
          </params>
          <reporter-output>
          </reporter-output>
        </test-method> <!-- runScenario -->
        <test-method is-config="true" signature="tearDownClass()[pri:0, instance:cucumber.TestNGTestRunner@2f9f7dcf]" started-at="2024-01-27T20:36:49 IST" name="tearDownClass" finished-at="2024-01-27T20:36:49 IST" duration-ms="42" status="PASS">
          <reporter-output>
          </reporter-output>
        </test-method> <!-- tearDownClass -->
      </class> <!-- cucumber.TestNGTestRunner -->
    </test> <!-- Default test -->
  </suite> <!-- Default suite -->
</testng-results>
